<?xml version="1.0" encoding="UTF-8"?>
<testng-results ignored="0" total="3" passed="3" failed="0" skipped="0">
  <reporter-output>
  </reporter-output>
  <suite started-at="2025-07-15T13:38:11 ICT" name="Mobile Automation Test Suite" finished-at="2025-07-15T13:38:51 ICT" duration-ms="40058">
    <groups>
    </groups>
    <test started-at="2025-07-15T13:38:11 ICT" name="Login Tests" finished-at="2025-07-15T13:38:51 ICT" duration-ms="40058">
      <class name="tests.LoginTests">
        <test-method is-config="true" signature="setUp()[pri:0, instance:tests.LoginTests@67f639d3]" started-at="2025-07-15T13:38:11 ICT" name="setUp" finished-at="2025-07-15T13:38:17 ICT" duration-ms="6221" status="PASS">
          <reporter-output>
          </reporter-output>
        </test-method> <!-- setUp -->
        <test-method signature="testInvalidPhoneNumber()[pri:0, instance:tests.LoginTests@67f639d3]" started-at="2025-07-15T13:38:17 ICT" name="testInvalidPhoneNumber" description="TC_LOGIN_002: Login With invalid phone number" finished-at="2025-07-15T13:38:25 ICT" duration-ms="7557" status="PASS">
          <reporter-output>
          </reporter-output>
        </test-method> <!-- testInvalidPhoneNumber -->
        <test-method is-config="true" signature="tearDown()[pri:0, instance:tests.LoginTests@67f639d3]" started-at="2025-07-15T13:38:25 ICT" name="tearDown" finished-at="2025-07-15T13:38:25 ICT" duration-ms="357" status="PASS">
          <reporter-output>
          </reporter-output>
        </test-method> <!-- tearDown -->
        <test-method is-config="true" signature="setUp()[pri:0, instance:tests.LoginTests@67f639d3]" started-at="2025-07-15T13:38:25 ICT" name="setUp" finished-at="2025-07-15T13:38:28 ICT" duration-ms="3273" status="PASS">
          <reporter-output>
          </reporter-output>
        </test-method> <!-- setUp -->
        <test-method signature="testValidLogin()[pri:0, instance:tests.LoginTests@67f639d3]" started-at="2025-07-15T13:38:28 ICT" name="testValidLogin" description="TC_LOGIN_001: Login With Correct phone number" finished-at="2025-07-15T13:38:33 ICT" duration-ms="5085" status="PASS">
          <reporter-output>
          </reporter-output>
        </test-method> <!-- testValidLogin -->
        <test-method is-config="true" signature="tearDown()[pri:0, instance:tests.LoginTests@67f639d3]" started-at="2025-07-15T13:38:33 ICT" name="tearDown" finished-at="2025-07-15T13:38:34 ICT" duration-ms="400" status="PASS">
          <reporter-output>
          </reporter-output>
        </test-method> <!-- tearDown -->
        <test-method is-config="true" signature="setUp()[pri:0, instance:tests.LoginTests@67f639d3]" started-at="2025-07-15T13:38:34 ICT" name="setUp" finished-at="2025-07-15T13:38:37 ICT" duration-ms="3344" status="PASS">
          <reporter-output>
          </reporter-output>
        </test-method> <!-- setUp -->
        <test-method signature="testValidate()[pri:0, instance:tests.LoginTests@67f639d3]" started-at="2025-07-15T13:38:37 ICT" name="testValidate" description="TC_LOGIN_VAL" finished-at="2025-07-15T13:38:50 ICT" duration-ms="13396" status="PASS">
          <reporter-output>
          </reporter-output>
        </test-method> <!-- testValidate -->
        <test-method is-config="true" signature="tearDown()[pri:0, instance:tests.LoginTests@67f639d3]" started-at="2025-07-15T13:38:50 ICT" name="tearDown" finished-at="2025-07-15T13:38:51 ICT" duration-ms="404" status="PASS">
          <reporter-output>
          </reporter-output>
        </test-method> <!-- tearDown -->
      </class> <!-- tests.LoginTests -->
    </test> <!-- Login Tests -->
  </suite> <!-- Mobile Automation Test Suite -->
</testng-results>
