<?xml version="1.0" encoding="UTF-8"?>
<testng-results ignored="0" total="2" passed="2" failed="0" skipped="0">
  <reporter-output>
  </reporter-output>
  <suite started-at="2025-07-15T15:37:48 ICT" name="Mobile Automation Test Suite" finished-at="2025-07-15T15:38:18 ICT" duration-ms="30485">
    <groups>
    </groups>
    <test started-at="2025-07-15T15:37:48 ICT" name="Login Tests" finished-at="2025-07-15T15:38:18 ICT" duration-ms="30485">
      <class name="tests.LoginTests">
        <test-method is-config="true" signature="setUp()[pri:0, instance:tests.LoginTests@290222c1]" started-at="2025-07-15T15:37:48 ICT" name="setUp" finished-at="2025-07-15T15:37:52 ICT" duration-ms="4495" status="PASS">
          <reporter-output>
          </reporter-output>
        </test-method> <!-- setUp -->
        <test-method signature="testValidLogin()[pri:0, instance:tests.LoginTests@290222c1]" started-at="2025-07-15T15:37:52 ICT" name="testValidLogin" description="TC_LOGIN_001: Login With Correct phone number" finished-at="2025-07-15T15:38:01 ICT" duration-ms="8990" status="PASS">
          <reporter-output>
          </reporter-output>
        </test-method> <!-- testValidLogin -->
        <test-method is-config="true" signature="tearDown()[pri:0, instance:tests.LoginTests@290222c1]" started-at="2025-07-15T15:38:01 ICT" name="tearDown" finished-at="2025-07-15T15:38:02 ICT" duration-ms="321" status="PASS">
          <reporter-output>
          </reporter-output>
        </test-method> <!-- tearDown -->
        <test-method is-config="true" signature="setUp()[pri:0, instance:tests.LoginTests@290222c1]" started-at="2025-07-15T15:38:02 ICT" name="setUp" finished-at="2025-07-15T15:38:06 ICT" duration-ms="4191" status="PASS">
          <reporter-output>
          </reporter-output>
        </test-method> <!-- setUp -->
        <test-method signature="testValidate()[pri:0, instance:tests.LoginTests@290222c1]" started-at="2025-07-15T15:38:06 ICT" name="testValidate" description="TC_LOGIN_VAL" finished-at="2025-07-15T15:38:18 ICT" duration-ms="12163" status="PASS">
          <reporter-output>
          </reporter-output>
        </test-method> <!-- testValidate -->
        <test-method is-config="true" signature="tearDown()[pri:0, instance:tests.LoginTests@290222c1]" started-at="2025-07-15T15:38:18 ICT" name="tearDown" finished-at="2025-07-15T15:38:18 ICT" duration-ms="303" status="PASS">
          <reporter-output>
          </reporter-output>
        </test-method> <!-- tearDown -->
      </class> <!-- tests.LoginTests -->
    </test> <!-- Login Tests -->
  </suite> <!-- Mobile Automation Test Suite -->
</testng-results>
