<?xml version="1.0" encoding="UTF-8"?>
<!-- Generated by org.testng.reporters.JUnitXMLReporter -->
<testsuite ignored="0" hostname="Macbooks-MacBook-Pro.local" failures="0" tests="3" name="Login Tests" time="40.058" errors="0" timestamp="2025-07-15T13:38:51 ICT">
  <testcase classname="tests.LoginTests" name="testInvalidPhoneNumber" time="7.557"/>
  <testcase classname="tests.LoginTests" name="testValidLogin" time="5.085"/>
  <testcase classname="tests.LoginTests" name="testValidate" time="13.396"/>
</testsuite> <!-- Login Tests -->
