<?xml version="1.0" encoding="UTF-8"?>
<!-- Generated by org.testng.reporters.JUnitXMLReporter -->
<testsuite ignored="0" hostname="Macbooks-MacBook-Pro.local" failures="0" tests="3" name="Login Tests" time="43.895" errors="0" timestamp="2025-07-15T16:16:31 ICT">
  <testcase classname="tests.LoginTests" name="testInvalidPhoneNumber" time="8.64"/>
  <testcase classname="tests.LoginTests" name="testValidLogin" time="5.741"/>
  <testcase classname="tests.LoginTests" name="testValidate" time="14.814"/>
</testsuite> <!-- Login Tests -->
